Detecting C [-std=c11] compiler features failed to compile with the following output:
Change Dir: E:/Me/Courses/UDACITY Self-Drive Car Nanodegree/TERM 2/Projects/Project 3 # Kidnapped Vehicle Project/CarND-Kidnapped-Vehicle-Project-master/src/cmake-build-debug/CMakeFiles/CMakeTmp

Run Build Command:"C:/MinGW/bin/mingw32-make.exe" "cmTC_b35ab/fast"
C:/MinGW/bin/mingw32-make.exe -f CMakeFiles\cmTC_b35ab.dir\build.make CMakeFiles/cmTC_b35ab.dir/build
mingw32-make.exe[1]: Entering directory 'E:/Me/Courses/UDACITY Self-Drive Car Nanodegree/TERM 2/Projects/Project 3 # Kidnapped Vehicle Project/CarND-Kidnapped-Vehicle-Project-master/src/cmake-build-debug/CMakeFiles/CMakeTmp'
mingw32-make.exe[1]: Leaving directory 'E:/Me/Courses/UDACITY Self-Drive Car Nanodegree/TERM 2/Projects/Project 3 # Kidnapped Vehicle Project/CarND-Kidnapped-Vehicle-Project-master/src/cmake-build-debug/CMakeFiles/CMakeTmp'
mingw32-make.exe[1]: *** No rule to make target 'E:/Me/Courses/UDACITY Self-Drive Car Nanodegree/TERM 2/Projects/Project 3\', needed by 'CMakeFiles/cmTC_b35ab.dir/feature_tests.c.obj'.  Stop.
Makefile:125: recipe for target 'cmTC_b35ab/fast' failed
mingw32-make.exe: *** [cmTC_b35ab/fast] Error 2



Detecting CXX [-std=c++14] compiler features failed to compile with the following output:
Change Dir: E:/Me/Courses/UDACITY Self-Drive Car Nanodegree/TERM 2/Projects/Project 3 # Kidnapped Vehicle Project/CarND-Kidnapped-Vehicle-Project-master/src/cmake-build-debug/CMakeFiles/CMakeTmp

Run Build Command:"C:/MinGW/bin/mingw32-make.exe" "cmTC_17972/fast"
C:/MinGW/bin/mingw32-make.exe -f CMakeFiles\cmTC_17972.dir\build.make CMakeFiles/cmTC_17972.dir/build
mingw32-make.exe[1]: Entering directory 'E:/Me/Courses/UDACITY Self-Drive Car Nanodegree/TERM 2/Projects/Project 3 # Kidnapped Vehicle Project/CarND-Kidnapped-Vehicle-Project-master/src/cmake-build-debug/CMakeFiles/CMakeTmp'
mingw32-make.exe[1]: Leaving directory 'E:/Me/Courses/UDACITY Self-Drive Car Nanodegree/TERM 2/Projects/Project 3 # Kidnapped Vehicle Project/CarND-Kidnapped-Vehicle-Project-master/src/cmake-build-debug/CMakeFiles/CMakeTmp'
mingw32-make.exe[1]: *** No rule to make target 'E:/Me/Courses/UDACITY Self-Drive Car Nanodegree/TERM 2/Projects/Project 3\', needed by 'CMakeFiles/cmTC_17972.dir/feature_tests.cxx.obj'.  Stop.
Makefile:125: recipe for target 'cmTC_17972/fast' failed
mingw32-make.exe: *** [cmTC_17972/fast] Error 2



